2020-07-01 09:45:41,695 Linear Regression Start
2020-07-01 09:45:42,117 Score for Linear Regression is 389.4016080814103
2020-07-01 09:45:42,117 Run Time for Linear Regression is 0.0 minutes
2020-07-01 09:45:59,807 Linear Regression Start
2020-07-01 09:46:00,287 Score for Linear Regression is 389.4016080814103
2020-07-01 09:46:00,288 Run Time for Linear Regression is 0.0 minutes
2020-07-01 09:59:48,283 Linear Regression Start
2020-07-01 09:59:48,723 Score for Linear Regression is 389.4016080814103
2020-07-01 09:59:48,723 Run Time for Linear Regression is 0.0 minutes
2020-07-01 10:03:33,533 RandomForest Start
2020-07-01 10:03:36,208 Score for RandomForest is 366.89019843828635
2020-07-01 10:03:36,209 Run Time for Linear Regression is 3.0 minutes
2020-07-01 10:09:12,138 Linear Regression Start
2020-07-01 10:09:12,625 Score for Linear Regression is 389.4016080814103
2020-07-01 10:09:12,625 Run Time for Linear Regression is 0.0 minutes
2020-07-01 10:12:46,124 RandomForest Start
2020-07-01 10:12:48,698 Score for RandomForest is 366.89019843828635
2020-07-01 10:12:48,699 Run Time for Linear Regression is 3.0 minutes
2020-07-01 10:15:55,849 Linear Regression Start
2020-07-01 10:15:56,282 Score for Linear Regression is 389.4016080814103
2020-07-01 10:15:56,282 Run Time for Linear Regression is 0.0 minutes
2020-07-01 10:25:57,241 Linear Regression Start
2020-07-01 10:25:57,677 Score for Linear Regression is 389.4016080814103
2020-07-01 10:25:57,678 Run Time for Linear Regression is 0.0 minutes
2020-07-01 10:27:19,689 Linear Regression Start
2020-07-01 10:27:20,135 Score for Linear Regression is 389.4016080814103
2020-07-01 10:27:20,135 Run Time for Linear Regression is 0.0 minutes
