2020-07-02 10:03:26,531 LGboost Start
2020-07-02 10:05:46,448 LGboost Start
2020-07-02 10:08:38,091 LGboost Start
2020-07-02 10:14:35,469 LGboost Start
2020-07-02 10:23:51,337 LGboost Start
2020-07-02 10:30:21,288 LGboost Start
2020-07-02 10:33:48,863 LGboost Start
2020-07-02 10:35:42,268 LGboost Start
2020-07-02 10:37:59,412 LGboost Start
2020-07-02 10:39:01,646 Score for LGboost is None
2020-07-02 10:39:01,647 Run Time for Linear Regression is 1.0 minutes
2020-07-02 12:05:19,501 LGboost Start
2020-07-02 12:05:37,328 Score for LGboost is None
2020-07-02 12:05:37,328 Run Time for Linear Regression is 0.0 minutes
2020-07-02 12:20:19,124 pickle loaded: /home/narquette/anaconda/envs/dscience/lib/python3.7/site-packages/jedi/third_party/typeshed/stdlib/2and3/builtins.pyi
2020-07-02 12:20:19,508 pickle loaded: /home/narquette/anaconda/envs/dscience/lib/python3.7/site-packages/jedi/third_party/typeshed/stdlib/3/sys.pyi
2020-07-02 12:20:19,531 pickle loaded: /home/narquette/anaconda/envs/dscience/lib/python3.7/typing.py
2020-07-02 12:20:19,544 pickle loaded: /home/narquette/anaconda/envs/dscience/lib/python3.7/site-packages/jedi/third_party/typeshed/stdlib/3/typing.pyi
2020-07-02 12:24:06,934 diff parser start
2020-07-02 12:24:06,934 line_lengths old: 6; new: 1
2020-07-02 12:24:06,934 -> code[replace] old[1:6] new[1:1]
2020-07-02 12:24:06,934 parse_part from 1 to 1 (to 0 in part parser)
2020-07-02 12:24:06,935 diff parser end
2020-07-02 12:24:06,948 pickle loaded: /home/narquette/anaconda/envs/dscience/lib/python3.7/site-packages/sklearn/pipeline.py
2020-07-02 12:24:06,955 pickle loaded: /home/narquette/anaconda/envs/dscience/lib/python3.7/site-packages/sklearn/__init__.py
2020-07-02 12:24:06,965 pickle loaded: /home/narquette/anaconda/envs/dscience/lib/python3.7/site-packages/sklearn/utils/__init__.py
2020-07-02 12:24:06,985 pickle loaded: /home/narquette/anaconda/envs/dscience/lib/python3.7/site-packages/sklearn/utils/metaestimators.py
2020-07-02 12:24:06,995 pickle loaded: /home/narquette/anaconda/envs/dscience/lib/python3.7/site-packages/sklearn/base.py
2020-07-02 12:24:07,021 pickle loaded: /home/narquette/anaconda/envs/dscience/lib/python3.7/abc.py
2020-07-02 12:24:07,023 pickle loaded: /home/narquette/anaconda/envs/dscience/lib/python3.7/site-packages/jedi/third_party/typeshed/stdlib/3/abc.pyi
2020-07-02 12:24:07,035 pickle loaded: /home/narquette/anaconda/envs/dscience/lib/python3.7/site-packages/sklearn/utils/validation.py
2020-07-02 12:24:07,050 pickle loaded: /home/narquette/anaconda/envs/dscience/lib/python3.7/functools.py
2020-07-02 12:24:07,053 pickle loaded: /home/narquette/anaconda/envs/dscience/lib/python3.7/site-packages/jedi/third_party/typeshed/stdlib/3/functools.pyi
2020-07-02 12:27:02,500 diff parser start
2020-07-02 12:27:02,500 line_lengths old: 1; new: 1
2020-07-02 12:27:02,501 -> code[replace] old[1:1] new[1:1]
2020-07-02 12:27:02,501 parse_part from 1 to 1 (to 0 in part parser)
2020-07-02 12:27:02,501 diff parser end
2020-07-02 12:27:22,414 diff parser start
2020-07-02 12:27:22,414 line_lengths old: 1; new: 1
2020-07-02 12:27:22,414 -> code[replace] old[1:1] new[1:1]
2020-07-02 12:27:22,415 parse_part from 1 to 1 (to 0 in part parser)
2020-07-02 12:27:22,415 diff parser end
2020-07-02 12:27:31,934 diff parser start
2020-07-02 12:27:31,934 line_lengths old: 1; new: 1
2020-07-02 12:27:31,935 -> code[replace] old[1:1] new[1:1]
2020-07-02 12:27:31,935 parse_part from 1 to 1 (to 0 in part parser)
2020-07-02 12:27:31,935 diff parser end
2020-07-02 12:28:42,807 diff parser start
2020-07-02 12:28:42,807 line_lengths old: 1; new: 1
2020-07-02 12:28:42,807 -> code[replace] old[1:1] new[1:1]
2020-07-02 12:28:42,807 parse_part from 1 to 1 (to 0 in part parser)
2020-07-02 12:28:42,807 diff parser end
2020-07-02 12:31:08,438 diff parser start
2020-07-02 12:31:08,439 line_lengths old: 1; new: 1
2020-07-02 12:31:08,439 -> code[replace] old[1:1] new[1:1]
2020-07-02 12:31:08,439 parse_part from 1 to 1 (to 0 in part parser)
2020-07-02 12:31:08,439 diff parser end
2020-07-02 12:31:10,566 diff parser start
2020-07-02 12:31:10,566 line_lengths old: 1; new: 1
2020-07-02 12:31:10,566 -> code[replace] old[1:1] new[1:1]
2020-07-02 12:31:10,567 parse_part from 1 to 1 (to 0 in part parser)
2020-07-02 12:31:10,567 diff parser end
2020-07-02 12:31:18,950 diff parser start
2020-07-02 12:31:18,950 line_lengths old: 1; new: 1
2020-07-02 12:31:18,951 -> code[replace] old[1:1] new[1:1]
2020-07-02 12:31:18,951 parse_part from 1 to 1 (to 0 in part parser)
2020-07-02 12:31:18,951 diff parser end
2020-07-02 12:31:19,014 pickle loaded: /home/narquette/anaconda/envs/dscience/lib/python3.7/site-packages/sklearn/compose/_column_transformer.py
2020-07-02 12:31:47,950 diff parser start
2020-07-02 12:31:47,950 line_lengths old: 1; new: 1
2020-07-02 12:31:47,950 -> code[replace] old[1:1] new[1:1]
2020-07-02 12:31:47,951 parse_part from 1 to 1 (to 0 in part parser)
2020-07-02 12:31:47,951 diff parser end
2020-07-02 12:31:50,086 diff parser start
2020-07-02 12:31:50,087 line_lengths old: 1; new: 1
2020-07-02 12:31:50,087 -> code[replace] old[1:1] new[1:1]
2020-07-02 12:31:50,087 parse_part from 1 to 1 (to 0 in part parser)
2020-07-02 12:31:50,087 diff parser end
2020-07-02 12:33:43,558 diff parser start
2020-07-02 12:33:43,558 line_lengths old: 1; new: 1
2020-07-02 12:33:43,558 -> code[replace] old[1:1] new[1:1]
2020-07-02 12:33:43,559 parse_part from 1 to 1 (to 0 in part parser)
2020-07-02 12:33:43,559 diff parser end
2020-07-02 12:34:31,414 diff parser start
2020-07-02 12:34:31,414 line_lengths old: 1; new: 1
2020-07-02 12:34:31,414 -> code[replace] old[1:1] new[1:1]
2020-07-02 12:34:31,415 parse_part from 1 to 1 (to 0 in part parser)
2020-07-02 12:34:31,415 diff parser end
2020-07-02 12:36:42,022 diff parser start
2020-07-02 12:36:42,022 line_lengths old: 1; new: 5
2020-07-02 12:36:42,023 -> code[replace] old[1:1] new[1:5]
2020-07-02 12:36:42,023 parse_part from 1 to 5 (to 4 in part parser)
2020-07-02 12:36:42,023 diff parser end
2020-07-02 12:36:42,521 diff parser start
2020-07-02 12:36:42,521 line_lengths old: 5; new: 5
2020-07-02 12:36:42,521 -> code[equal] old[1:4] new[1:4]
2020-07-02 12:36:42,522 copy old[1:3] new[1:3]
2020-07-02 12:36:42,522 parse_part from 4 to 5 (to 4 in part parser)
2020-07-02 12:36:42,522 -> code[replace] old[5:5] new[5:5]
2020-07-02 12:36:42,522 diff parser end
2020-07-02 12:36:43,081 diff parser start
2020-07-02 12:36:43,081 line_lengths old: 5; new: 5
2020-07-02 12:36:43,081 -> code[equal] old[1:4] new[1:4]
2020-07-02 12:36:43,081 copy old[1:3] new[1:3]
2020-07-02 12:36:43,082 parse_part from 4 to 5 (to 4 in part parser)
2020-07-02 12:36:43,082 -> code[replace] old[5:5] new[5:5]
2020-07-02 12:36:43,082 diff parser end
2020-07-02 12:36:53,862 diff parser start
2020-07-02 12:36:53,862 line_lengths old: 5; new: 5
2020-07-02 12:36:53,862 -> code[equal] old[1:4] new[1:4]
2020-07-02 12:36:53,863 copy old[1:3] new[1:3]
2020-07-02 12:36:53,863 parse_part from 4 to 5 (to 4 in part parser)
2020-07-02 12:36:53,863 -> code[replace] old[5:5] new[5:5]
2020-07-02 12:36:53,863 diff parser end
2020-07-02 12:36:54,609 diff parser start
2020-07-02 12:36:54,609 line_lengths old: 5; new: 5
2020-07-02 12:36:54,609 -> code[equal] old[1:4] new[1:4]
2020-07-02 12:36:54,609 copy old[1:3] new[1:3]
2020-07-02 12:36:54,610 parse_part from 4 to 5 (to 4 in part parser)
2020-07-02 12:36:54,610 -> code[replace] old[5:5] new[5:5]
2020-07-02 12:36:54,610 diff parser end
2020-07-02 12:36:54,785 diff parser start
2020-07-02 12:36:54,785 line_lengths old: 5; new: 5
2020-07-02 12:36:54,785 -> code[equal] old[1:4] new[1:4]
2020-07-02 12:36:54,785 copy old[1:3] new[1:3]
2020-07-02 12:36:54,786 parse_part from 4 to 5 (to 4 in part parser)
2020-07-02 12:36:54,786 -> code[replace] old[5:5] new[5:5]
2020-07-02 12:36:54,787 diff parser end
2020-07-02 12:38:08,318 diff parser start
2020-07-02 12:38:08,319 line_lengths old: 5; new: 3
2020-07-02 12:38:08,319 -> code[replace] old[1:3] new[1:1]
2020-07-02 12:38:08,319 parse_part from 1 to 1 (to 2 in part parser)
2020-07-02 12:38:08,319 -> code[equal] old[4:4] new[2:2]
2020-07-02 12:38:08,319 parse_part from 2 to 3 (to 2 in part parser)
2020-07-02 12:38:08,319 -> code[replace] old[5:5] new[3:3]
2020-07-02 12:38:08,319 diff parser end
2020-07-02 12:38:09,489 diff parser start
2020-07-02 12:38:09,490 line_lengths old: 3; new: 3
2020-07-02 12:38:09,490 -> code[equal] old[1:2] new[1:2]
2020-07-02 12:38:09,490 copy old[1:1] new[1:1]
2020-07-02 12:38:09,490 parse_part from 2 to 3 (to 2 in part parser)
2020-07-02 12:38:09,490 -> code[replace] old[3:3] new[3:3]
2020-07-02 12:38:09,491 diff parser end
2020-07-02 12:38:11,626 diff parser start
2020-07-02 12:38:11,626 line_lengths old: 3; new: 3
2020-07-02 12:38:11,626 -> code[equal] old[1:2] new[1:2]
2020-07-02 12:38:11,626 copy old[1:1] new[1:1]
2020-07-02 12:38:11,627 parse_part from 2 to 3 (to 2 in part parser)
2020-07-02 12:38:11,627 -> code[replace] old[3:3] new[3:3]
2020-07-02 12:38:11,627 diff parser end
2020-07-02 12:38:39,724 CACHEDIR=/home/narquette/.cache/matplotlib
2020-07-02 12:38:39,726 Using fontManager instance from /home/narquette/.cache/matplotlib/fontlist-v310.json
2020-07-02 12:38:39,980 Loaded backend module://ipykernel.pylab.backend_inline version unknown.
2020-07-02 12:38:39,981 Loaded backend module://ipykernel.pylab.backend_inline version unknown.
2020-07-02 12:38:46,206 diff parser start
2020-07-02 12:38:46,206 line_lengths old: 3; new: 3
2020-07-02 12:38:46,206 -> code[replace] old[1:1] new[1:1]
2020-07-02 12:38:46,207 parse_part from 1 to 1 (to 2 in part parser)
2020-07-02 12:38:46,207 -> code[equal] old[2:2] new[2:2]
2020-07-02 12:38:46,207 parse_part from 2 to 3 (to 2 in part parser)
2020-07-02 12:38:46,207 -> code[replace] old[3:3] new[3:3]
2020-07-02 12:38:46,207 diff parser end
2020-07-02 12:42:15,390 findfont: Matching sans\-serif:style=normal:variant=normal:weight=normal:stretch=normal:size=10.0.
2020-07-02 12:42:15,391 findfont: score(<Font 'STIXSizeTwoSym' (STIXSizTwoSymReg.ttf) normal normal regular normal>) = 10.05
2020-07-02 12:42:15,391 findfont: score(<Font 'DejaVu Serif' (DejaVuSerif.ttf) normal normal 400 normal>) = 10.05
2020-07-02 12:42:15,391 findfont: score(<Font 'DejaVu Sans Mono' (DejaVuSansMono.ttf) normal normal 400 normal>) = 10.05
2020-07-02 12:42:15,391 findfont: score(<Font 'STIXSizeFourSym' (STIXSizFourSymBol.ttf) normal normal bold normal>) = 10.335
2020-07-02 12:42:15,391 findfont: score(<Font 'DejaVu Serif' (DejaVuSerif-Italic.ttf) italic normal 400 normal>) = 11.05
2020-07-02 12:42:15,391 findfont: score(<Font 'cmex10' (cmex10.ttf) normal normal 400 normal>) = 10.05
2020-07-02 12:42:15,391 findfont: score(<Font 'STIXSizeThreeSym' (STIXSizThreeSymReg.ttf) normal normal regular normal>) = 10.05
2020-07-02 12:42:15,391 findfont: score(<Font 'STIXSizeTwoSym' (STIXSizTwoSymBol.ttf) normal normal bold normal>) = 10.335
2020-07-02 12:42:15,391 findfont: score(<Font 'DejaVu Serif' (DejaVuSerif-BoldItalic.ttf) italic normal bold normal>) = 11.335
2020-07-02 12:42:15,391 findfont: score(<Font 'DejaVu Sans Mono' (DejaVuSansMono-BoldOblique.ttf) oblique normal bold normal>) = 11.335
2020-07-02 12:42:15,391 findfont: score(<Font 'DejaVu Sans' (DejaVuSans-BoldOblique.ttf) oblique normal bold normal>) = 1.335
2020-07-02 12:42:15,391 findfont: score(<Font 'DejaVu Sans' (DejaVuSans-Oblique.ttf) oblique normal 400 normal>) = 1.05
2020-07-02 12:42:15,392 findfont: score(<Font 'STIXSizeOneSym' (STIXSizOneSymReg.ttf) normal normal regular normal>) = 10.05
2020-07-02 12:42:15,392 findfont: score(<Font 'cmtt10' (cmtt10.ttf) normal normal 400 normal>) = 10.05
2020-07-02 12:42:15,392 findfont: score(<Font 'STIXSizeThreeSym' (STIXSizThreeSymBol.ttf) normal normal bold normal>) = 10.335
2020-07-02 12:42:15,392 findfont: score(<Font 'cmsy10' (cmsy10.ttf) normal normal 400 normal>) = 10.05
2020-07-02 12:42:15,392 findfont: score(<Font 'DejaVu Sans Mono' (DejaVuSansMono-Oblique.ttf) oblique normal 400 normal>) = 11.05
2020-07-02 12:42:15,392 findfont: score(<Font 'STIXGeneral' (STIXGeneralBol.ttf) normal normal bold normal>) = 10.335
2020-07-02 12:42:15,392 findfont: score(<Font 'cmr10' (cmr10.ttf) normal normal 400 normal>) = 10.05
2020-07-02 12:42:15,392 findfont: score(<Font 'DejaVu Sans Mono' (DejaVuSansMono-Bold.ttf) normal normal bold normal>) = 10.335
2020-07-02 12:42:15,392 findfont: score(<Font 'DejaVu Sans Display' (DejaVuSansDisplay.ttf) normal normal 400 normal>) = 10.05
2020-07-02 12:42:15,392 findfont: score(<Font 'STIXGeneral' (STIXGeneralBolIta.ttf) italic normal bold normal>) = 11.335
2020-07-02 12:42:15,392 findfont: score(<Font 'DejaVu Sans' (DejaVuSans.ttf) normal normal 400 normal>) = 0.05
2020-07-02 12:42:15,392 findfont: score(<Font 'STIXGeneral' (STIXGeneral.ttf) normal normal regular normal>) = 10.05
2020-07-02 12:42:15,392 findfont: score(<Font 'STIXSizeFiveSym' (STIXSizFiveSymReg.ttf) normal normal regular normal>) = 10.05
2020-07-02 12:42:15,392 findfont: score(<Font 'STIXNonUnicode' (STIXNonUniBolIta.ttf) italic normal bold normal>) = 11.335
2020-07-02 12:42:15,392 findfont: score(<Font 'DejaVu Serif Display' (DejaVuSerifDisplay.ttf) normal normal 400 normal>) = 10.05
2020-07-02 12:42:15,392 findfont: score(<Font 'STIXNonUnicode' (STIXNonUni.ttf) normal normal regular normal>) = 10.05
2020-07-02 12:42:15,393 findfont: score(<Font 'STIXSizeOneSym' (STIXSizOneSymBol.ttf) normal normal bold normal>) = 10.335
2020-07-02 12:42:15,393 findfont: score(<Font 'DejaVu Serif' (DejaVuSerif-Bold.ttf) normal normal bold normal>) = 10.335
2020-07-02 12:42:15,393 findfont: score(<Font 'cmmi10' (cmmi10.ttf) normal normal 400 normal>) = 10.05
2020-07-02 12:42:15,393 findfont: score(<Font 'cmb10' (cmb10.ttf) normal normal 400 normal>) = 10.05
2020-07-02 12:42:15,393 findfont: score(<Font 'cmss10' (cmss10.ttf) normal normal 400 normal>) = 10.05
2020-07-02 12:42:15,393 findfont: score(<Font 'DejaVu Sans' (DejaVuSans-Bold.ttf) normal normal bold normal>) = 0.33499999999999996
2020-07-02 12:42:15,393 findfont: score(<Font 'STIXSizeFourSym' (STIXSizFourSymReg.ttf) normal normal regular normal>) = 10.05
2020-07-02 12:42:15,393 findfont: score(<Font 'STIXNonUnicode' (STIXNonUniIta.ttf) italic normal 400 normal>) = 11.05
2020-07-02 12:42:15,393 findfont: score(<Font 'STIXNonUnicode' (STIXNonUniBol.ttf) normal normal bold normal>) = 10.335
2020-07-02 12:42:15,393 findfont: score(<Font 'STIXGeneral' (STIXGeneralItalic.ttf) italic normal 400 normal>) = 11.05
2020-07-02 12:42:15,393 findfont: Matching sans\-serif:style=normal:variant=normal:weight=normal:stretch=normal:size=10.0 to DejaVu Sans ('/home/narquette/anaconda/envs/dscience/lib/python3.7/site-packages/matplotlib/mpl-data/fonts/ttf/DejaVuSans.ttf') with score of 0.050000.
2020-07-02 12:42:26,069 diff parser start
2020-07-02 12:42:26,069 line_lengths old: 3; new: 12
2020-07-02 12:42:26,069 -> code[insert] old[1:0] new[1:2]
2020-07-02 12:42:26,070 parse_part from 1 to 2 (to 2 in part parser)
2020-07-02 12:42:26,070 -> code[equal] old[1:1] new[3:3]
2020-07-02 12:42:26,070 copy old[1:1] new[3:3]
2020-07-02 12:42:26,070 -> code[insert] old[2:1] new[4:4]
2020-07-02 12:42:26,070 parse_part from 4 to 4 (to 5 in part parser)
2020-07-02 12:42:26,070 -> code[equal] old[2:2] new[5:5]
2020-07-02 12:42:26,071 parse_part from 5 to 6 (to 7 in part parser)
2020-07-02 12:42:26,071 -> code[replace] old[3:3] new[6:12]
2020-07-02 12:42:26,072 parse_part from 7 to 12 (to 11 in part parser)
2020-07-02 12:42:26,072 diff parser end
2020-07-02 12:44:20,414 diff parser start
2020-07-02 12:44:20,415 line_lengths old: 12; new: 13
2020-07-02 12:44:20,415 -> code[equal] old[1:2] new[1:2]
2020-07-02 12:44:20,415 copy old[1:2] new[1:2]
2020-07-02 12:44:20,415 -> code[replace] old[3:3] new[3:3]
2020-07-02 12:44:20,415 parse_part from 3 to 3 (to 3 in part parser)
2020-07-02 12:44:20,415 -> code[equal] old[4:11] new[4:11]
2020-07-02 12:44:20,415 copy old[4:10] new[4:10]
2020-07-02 12:44:20,416 parse_part from 11 to 12 (to 12 in part parser)
2020-07-02 12:44:20,416 -> code[replace] old[12:12] new[12:13]
2020-07-02 12:44:20,416 parse_part from 13 to 13 (to 12 in part parser)
2020-07-02 12:44:20,416 diff parser end
2020-07-02 12:45:22,782 diff parser start
2020-07-02 12:45:22,782 line_lengths old: 13; new: 16
2020-07-02 12:45:22,783 -> code[equal] old[1:3] new[1:3]
2020-07-02 12:45:22,783 copy old[1:3] new[1:3]
2020-07-02 12:45:22,783 -> code[insert] old[4:3] new[4:4]
2020-07-02 12:45:22,783 parse_part from 4 to 4 (to 4 in part parser)
2020-07-02 12:45:22,783 -> code[equal] old[4:11] new[5:12]
2020-07-02 12:45:22,783 copy old[4:10] new[5:11]
2020-07-02 12:45:22,784 parse_part from 12 to 16 (to 15 in part parser)
2020-07-02 12:45:22,784 -> code[replace] old[12:13] new[13:16]
2020-07-02 12:45:22,784 diff parser end
2020-07-02 12:45:55,169 findfont: Matching sans\-serif:style=normal:variant=normal:weight=normal:stretch=normal:size=12.0.
2020-07-02 12:45:55,169 findfont: score(<Font 'STIXSizeTwoSym' (STIXSizTwoSymReg.ttf) normal normal regular normal>) = 10.05
2020-07-02 12:45:55,169 findfont: score(<Font 'DejaVu Serif' (DejaVuSerif.ttf) normal normal 400 normal>) = 10.05
2020-07-02 12:45:55,169 findfont: score(<Font 'DejaVu Sans Mono' (DejaVuSansMono.ttf) normal normal 400 normal>) = 10.05
2020-07-02 12:45:55,169 findfont: score(<Font 'STIXSizeFourSym' (STIXSizFourSymBol.ttf) normal normal bold normal>) = 10.335
2020-07-02 12:45:55,169 findfont: score(<Font 'DejaVu Serif' (DejaVuSerif-Italic.ttf) italic normal 400 normal>) = 11.05
2020-07-02 12:45:55,170 findfont: score(<Font 'cmex10' (cmex10.ttf) normal normal 400 normal>) = 10.05
2020-07-02 12:45:55,170 findfont: score(<Font 'STIXSizeThreeSym' (STIXSizThreeSymReg.ttf) normal normal regular normal>) = 10.05
2020-07-02 12:45:55,170 findfont: score(<Font 'STIXSizeTwoSym' (STIXSizTwoSymBol.ttf) normal normal bold normal>) = 10.335
2020-07-02 12:45:55,170 findfont: score(<Font 'DejaVu Serif' (DejaVuSerif-BoldItalic.ttf) italic normal bold normal>) = 11.335
2020-07-02 12:45:55,170 findfont: score(<Font 'DejaVu Sans Mono' (DejaVuSansMono-BoldOblique.ttf) oblique normal bold normal>) = 11.335
2020-07-02 12:45:55,170 findfont: score(<Font 'DejaVu Sans' (DejaVuSans-BoldOblique.ttf) oblique normal bold normal>) = 1.335
2020-07-02 12:45:55,170 findfont: score(<Font 'DejaVu Sans' (DejaVuSans-Oblique.ttf) oblique normal 400 normal>) = 1.05
2020-07-02 12:45:55,170 findfont: score(<Font 'STIXSizeOneSym' (STIXSizOneSymReg.ttf) normal normal regular normal>) = 10.05
2020-07-02 12:45:55,170 findfont: score(<Font 'cmtt10' (cmtt10.ttf) normal normal 400 normal>) = 10.05
2020-07-02 12:45:55,171 findfont: score(<Font 'STIXSizeThreeSym' (STIXSizThreeSymBol.ttf) normal normal bold normal>) = 10.335
2020-07-02 12:45:55,171 findfont: score(<Font 'cmsy10' (cmsy10.ttf) normal normal 400 normal>) = 10.05
2020-07-02 12:45:55,171 findfont: score(<Font 'DejaVu Sans Mono' (DejaVuSansMono-Oblique.ttf) oblique normal 400 normal>) = 11.05
2020-07-02 12:45:55,171 findfont: score(<Font 'STIXGeneral' (STIXGeneralBol.ttf) normal normal bold normal>) = 10.335
2020-07-02 12:45:55,171 findfont: score(<Font 'cmr10' (cmr10.ttf) normal normal 400 normal>) = 10.05
2020-07-02 12:45:55,171 findfont: score(<Font 'DejaVu Sans Mono' (DejaVuSansMono-Bold.ttf) normal normal bold normal>) = 10.335
2020-07-02 12:45:55,171 findfont: score(<Font 'DejaVu Sans Display' (DejaVuSansDisplay.ttf) normal normal 400 normal>) = 10.05
2020-07-02 12:45:55,171 findfont: score(<Font 'STIXGeneral' (STIXGeneralBolIta.ttf) italic normal bold normal>) = 11.335
2020-07-02 12:45:55,171 findfont: score(<Font 'DejaVu Sans' (DejaVuSans.ttf) normal normal 400 normal>) = 0.05
2020-07-02 12:45:55,172 findfont: score(<Font 'STIXGeneral' (STIXGeneral.ttf) normal normal regular normal>) = 10.05
2020-07-02 12:45:55,172 findfont: score(<Font 'STIXSizeFiveSym' (STIXSizFiveSymReg.ttf) normal normal regular normal>) = 10.05
2020-07-02 12:45:55,172 findfont: score(<Font 'STIXNonUnicode' (STIXNonUniBolIta.ttf) italic normal bold normal>) = 11.335
2020-07-02 12:45:55,172 findfont: score(<Font 'DejaVu Serif Display' (DejaVuSerifDisplay.ttf) normal normal 400 normal>) = 10.05
2020-07-02 12:45:55,172 findfont: score(<Font 'STIXNonUnicode' (STIXNonUni.ttf) normal normal regular normal>) = 10.05
2020-07-02 12:45:55,172 findfont: score(<Font 'STIXSizeOneSym' (STIXSizOneSymBol.ttf) normal normal bold normal>) = 10.335
2020-07-02 12:45:55,172 findfont: score(<Font 'DejaVu Serif' (DejaVuSerif-Bold.ttf) normal normal bold normal>) = 10.335
2020-07-02 12:45:55,172 findfont: score(<Font 'cmmi10' (cmmi10.ttf) normal normal 400 normal>) = 10.05
2020-07-02 12:45:55,172 findfont: score(<Font 'cmb10' (cmb10.ttf) normal normal 400 normal>) = 10.05
2020-07-02 12:45:55,173 findfont: score(<Font 'cmss10' (cmss10.ttf) normal normal 400 normal>) = 10.05
2020-07-02 12:45:55,173 findfont: score(<Font 'DejaVu Sans' (DejaVuSans-Bold.ttf) normal normal bold normal>) = 0.33499999999999996
2020-07-02 12:45:55,173 findfont: score(<Font 'STIXSizeFourSym' (STIXSizFourSymReg.ttf) normal normal regular normal>) = 10.05
2020-07-02 12:45:55,173 findfont: score(<Font 'STIXNonUnicode' (STIXNonUniIta.ttf) italic normal 400 normal>) = 11.05
2020-07-02 12:45:55,173 findfont: score(<Font 'STIXNonUnicode' (STIXNonUniBol.ttf) normal normal bold normal>) = 10.335
2020-07-02 12:45:55,173 findfont: score(<Font 'STIXGeneral' (STIXGeneralItalic.ttf) italic normal 400 normal>) = 11.05
2020-07-02 12:45:55,173 findfont: Matching sans\-serif:style=normal:variant=normal:weight=normal:stretch=normal:size=12.0 to DejaVu Sans ('/home/narquette/anaconda/envs/dscience/lib/python3.7/site-packages/matplotlib/mpl-data/fonts/ttf/DejaVuSans.ttf') with score of 0.050000.
2020-07-02 12:46:39,774 diff parser start
2020-07-02 12:46:39,774 line_lengths old: 16; new: 16
2020-07-02 12:46:39,774 -> code[equal] old[1:15] new[1:15]
2020-07-02 12:46:39,775 copy old[1:11] new[1:11]
2020-07-02 12:46:39,775 parse_part from 12 to 16 (to 15 in part parser)
2020-07-02 12:46:39,775 -> code[replace] old[16:16] new[16:16]
2020-07-02 12:46:39,775 diff parser end
2020-07-02 12:47:07,598 diff parser start
2020-07-02 12:47:07,599 line_lengths old: 16; new: 16
2020-07-02 12:47:07,599 -> code[equal] old[1:15] new[1:15]
2020-07-02 12:47:07,599 copy old[1:11] new[1:11]
2020-07-02 12:47:07,599 parse_part from 12 to 16 (to 15 in part parser)
2020-07-02 12:47:07,599 -> code[replace] old[16:16] new[16:16]
2020-07-02 12:47:07,600 diff parser end
2020-07-02 12:48:42,822 diff parser start
2020-07-02 12:48:42,822 line_lengths old: 16; new: 16
2020-07-02 12:48:42,822 -> code[equal] old[1:15] new[1:15]
2020-07-02 12:48:42,823 copy old[1:11] new[1:11]
2020-07-02 12:48:42,823 parse_part from 12 to 16 (to 15 in part parser)
2020-07-02 12:48:42,823 -> code[replace] old[16:16] new[16:16]
2020-07-02 12:48:42,823 diff parser end
2020-07-02 12:50:10,414 diff parser start
2020-07-02 12:50:10,414 line_lengths old: 16; new: 4
2020-07-02 12:50:10,415 -> code[replace] old[1:16] new[1:4]
2020-07-02 12:50:10,415 parse_part from 1 to 4 (to 3 in part parser)
2020-07-02 12:50:10,415 diff parser end
2020-07-02 12:50:11,918 diff parser start
2020-07-02 12:50:11,918 line_lengths old: 4; new: 4
2020-07-02 12:50:11,918 -> code[equal] old[1:3] new[1:3]
2020-07-02 12:50:11,919 copy old[1:3] new[1:3]
2020-07-02 12:50:11,919 -> code[replace] old[4:4] new[4:4]
2020-07-02 12:50:11,919 parse_part from 4 to 4 (to 3 in part parser)
2020-07-02 12:50:11,919 diff parser end
2020-07-02 12:51:41,359 diff parser start
2020-07-02 12:51:41,359 line_lengths old: 4; new: 17
2020-07-02 12:51:41,359 -> code[replace] old[1:4] new[1:17]
2020-07-02 12:51:41,361 parse_part from 1 to 17 (to 16 in part parser)
2020-07-02 12:51:41,361 diff parser end
